<?xml version="1.0" encoding="UTF-8"?>
<!-- Generated by org.testng.reporters.JUnitXMLReporter -->
<testsuite ignored="1" hostname="DESKTOP-DTM9LNH" failures="0" tests="0" time="0.063" errors="0" timestamp="2025-04-04T20:07:49 IST">
  <testcase classname="generic_utilities.BaseClass" name="@AfterTest afterTest" time="0.001">
    <failure type="java.lang.NullPointerException" message="Cannot invoke &amp;quot;org.openqa.selenium.WebDriver.quit()&amp;quot; because &amp;quot;this.driver&amp;quot; is null">
      <![CDATA[java.lang.NullPointerException: Cannot invoke "org.openqa.selenium.WebDriver.quit()" because "this.driver" is null
at generic_utilities.BaseClass.afterTest(BaseClass.java:78)
... Removed 24 stack frames]]>
    </failure>
  </testcase> <!-- @AfterTest afterTest -->
  <testcase classname="TestNg.CreatecampaignTest" name="CreatecampaignTest" time="0.0">
    <ignored/>
  </testcase> <!-- CreatecampaignTest -->
</testsuite>
